<?xml version="1.0" encoding="UTF-8"?>
<!-- Generated by org.testng.reporters.JUnitReportReporter -->
<testsuite skipped="0" hostname="master-PC" name="DependsOn.JavaEx1" tests="2" failures="0" timestamp="28 Mar 2021 12:35:23 GMT" time="0.047" errors="0">
  <testcase name="t1" time="0.043" classname="DependsOn.JavaEx1"/>
  <testcase name="t2" time="0.004" classname="DependsOn.JavaEx1"/>
</testsuite> <!-- DependsOn.JavaEx1 -->
