<?xml version="1.0" encoding="UTF-8"?>
<!-- Generated by org.testng.reporters.JUnitReportReporter -->
<testsuite skipped="0" hostname="master-PC" name="DependsOn.JavaEx2" tests="2" failures="0" timestamp="28 Mar 2021 12:35:23 GMT" time="0.008" errors="0">
  <testcase name="t3" time="0.004" classname="DependsOn.JavaEx2"/>
  <testcase name="t4" time="0.004" classname="DependsOn.JavaEx2"/>
</testsuite> <!-- DependsOn.JavaEx2 -->
