<?xml version="1.0" encoding="UTF-8"?>
<!-- Generated by org.testng.reporters.JUnitReportReporter -->
<testsuite skipped="0" hostname="master-PC" name="Tests.Test_001_LoginPage" tests="3" failures="0" timestamp="28 Mar 2021 12:11:27 GMT" time="195.092" errors="0">
  <testcase name="testLoginPage" time="74.519" classname="Tests.Test_001_LoginPage"/>
  <testcase name="testLoginPage2" time="43.439" classname="Tests.Test_001_LoginPage"/>
  <testcase name="testLoginPage" time="77.134" classname="Tests.Test_001_LoginPage"/>
</testsuite> <!-- Tests.Test_001_LoginPage -->
